# JRE version: Java(TM) SE Runtime Environment (8.0_211-b12) (build 1.8.0_211-b12)
# Java VM: Java HotSpot(TM) Client VM (25.211-b12 mixed mode windows-x86 )
Heap:
 def new generation   total 36352K, used 7276K [0x07800000, 0x09f70000, 0x0cd50000)
  eden space 32320K,  13% used [0x07800000, 0x07c52300, 0x09790000)
  from space 4032K,  70% used [0x09b80000, 0x09e48e00, 0x09f70000)
  to   space 4032K,   0% used [0x09790000, 0x09790000, 0x09b80000)
 tenured generation   total 80592K, used 48355K [0x0cd50000, 0x11c04000, 0x17800000)
   the space 80592K,  59% used [0x0cd50000, 0x0fc88c28, 0x0fc88e00, 0x11c04000)
 Metaspace       used 25511K, capacity 26730K, committed 26752K, reserved 27008K
GC Heap History (10 events):
Event: 7.368 GC heap before
{Heap before GC invocations=43 (full 5):
 def new generation   total 29888K, used 29887K [0x07800000, 0x09860000, 0x0cd50000)
  eden space 26624K, 100% used [0x07800000, 0x09200000, 0x09200000)
  from space 3264K,  99% used [0x09530000, 0x0985fff8, 0x09860000)
  to   space 3264K,   0% used [0x09200000, 0x09200000, 0x09530000)
 tenured generation   total 66200K, used 53712K [0x0cd50000, 0x10df6000, 0x17800000)
   the space 66200K,  81% used [0x0cd50000, 0x101c4350, 0x101c4400, 0x10df6000)
 Metaspace       used 22446K, capacity 23329K, committed 23424K, reserved 23936K
Event: 7.375 GC heap after
Heap after GC invocations=44 (full 5):
 def new generation   total 29888K, used 3264K [0x07800000, 0x09860000, 0x0cd50000)
  eden space 26624K,   0% used [0x07800000, 0x07800000, 0x09200000)
  from space 3264K, 100% used [0x09200000, 0x09530000, 0x09530000)
  to   space 3264K,   0% used [0x09530000, 0x09530000, 0x09860000)
 tenured generation   total 66200K, used 56641K [0x0cd50000, 0x10df6000, 0x17800000)
   the space 66200K,  85% used [0x0cd50000, 0x104a07f0, 0x104a0800, 0x10df6000)
 Metaspace       used 22446K, capacity 23329K, committed 23424K, reserved 23936K
}
Event: 7.490 GC heap before
{Heap before GC invocations=44 (full 5):
 def new generation   total 29888K, used 29888K [0x07800000, 0x09860000, 0x0cd50000)
  eden space 26624K, 100% used [0x07800000, 0x09200000, 0x09200000)
  from space 3264K, 100% used [0x09200000, 0x09530000, 0x09530000)
  to   space 3264K,   0% used [0x09530000, 0x09530000, 0x09860000)
 tenured generation   total 66200K, used 56641K [0x0cd50000, 0x10df6000, 0x17800000)
   the space 66200K,  85% used [0x0cd50000, 0x104a07f0, 0x104a0800, 0x10df6000)
 Metaspace       used 22979K, capacity 23966K, committed 24064K, reserved 24960K
Event: 7.496 GC heap after
Heap after GC invocations=45 (full 5):
 def new generation   total 29888K, used 1289K [0x07800000, 0x09860000, 0x0cd50000)
  eden space 26624K,   0% used [0x07800000, 0x07800000, 0x09200000)
  from space 3264K,  39% used [0x09530000, 0x09672798, 0x09860000)
  to   space 3264K,   0% used [0x09200000, 0x09200000, 0x09530000)
 tenured generation   total 66200K, used 59866K [0x0cd50000, 0x10df6000, 0x17800000)
   the space 66200K,  90% used [0x0cd50000, 0x107c68e0, 0x107c6a00, 0x10df6000)
 Metaspace       used 22979K, capacity 23966K, committed 24064K, reserved 24960K
}
Event: 7.630 GC heap before
{Heap before GC invocations=45 (full 5):
 def new generation   total 29888K, used 27913K [0x07800000, 0x09860000, 0x0cd50000)
  eden space 26624K, 100% used [0x07800000, 0x09200000, 0x09200000)
  from space 3264K,  39% used [0x09530000, 0x09672798, 0x09860000)
  to   space 3264K,   0% used [0x09200000, 0x09200000, 0x09530000)
 tenured generation   total 66200K, used 59866K [0x0cd50000, 0x10df6000, 0x17800000)
   the space 66200K,  90% used [0x0cd50000, 0x107c68e0, 0x107c6a00, 0x10df6000)
 Metaspace       used 23201K, capacity 24206K, committed 24320K, reserved 24960K
Event: 7.634 GC heap after
Heap after GC invocations=46 (full 5):
 def new generation   total 29888K, used 1576K [0x07800000, 0x09860000, 0x0cd50000)
  eden space 26624K,   0% used [0x07800000, 0x07800000, 0x09200000)
  from space 3264K,  48% used [0x09200000, 0x0938a398, 0x09530000)
  to   space 3264K,   0% used [0x09530000, 0x09530000, 0x09860000)
 tenured generation   total 66200K, used 59866K [0x0cd50000, 0x10df6000, 0x17800000)
   the space 66200K,  90% used [0x0cd50000, 0x107c68e0, 0x107c6a00, 0x10df6000)
 Metaspace       used 23201K, capacity 24206K, committed 24320K, reserved 24960K
}
Event: 9.774 GC heap before
{Heap before GC invocations=46 (full 5):
 def new generation   total 29888K, used 28200K [0x07800000, 0x09860000, 0x0cd50000)
  eden space 26624K, 100% used [0x07800000, 0x09200000, 0x09200000)
  from space 3264K,  48% used [0x09200000, 0x0938a398, 0x09530000)
  to   space 3264K,   0% used [0x09530000, 0x09530000, 0x09860000)
 tenured generation   total 66200K, used 59866K [0x0cd50000, 0x10df6000, 0x17800000)
   the space 66200K,  90% used [0x0cd50000, 0x107c68e0, 0x107c6a00, 0x10df6000)
 Metaspace       used 23682K, capacity 24787K, committed 24832K, reserved 24960K
Event: 9.784 GC heap after
Heap after GC invocations=47 (full 5):
 def new generation   total 29888K, used 3264K [0x07800000, 0x09860000, 0x0cd50000)
  eden space 26624K,   0% used [0x07800000, 0x07800000, 0x09200000)
  from space 3264K, 100% used [0x09530000, 0x09860000, 0x09860000)
  to   space 3264K,   0% used [0x09200000, 0x09200000, 0x09530000)
 tenured generation   total 66200K, used 63317K [0x0cd50000, 0x10df6000, 0x17800000)
   the space 66200K,  95% used [0x0cd50000, 0x10b25460, 0x10b25600, 0x10df6000)
 Metaspace       used 23682K, capacity 24787K, committed 24832K, reserved 24960K
}
Event: 12.983 GC heap before
{Heap before GC invocations=47 (full 5):
 def new generation   total 29888K, used 29888K [0x07800000, 0x09860000, 0x0cd50000)
  eden space 26624K, 100% used [0x07800000, 0x09200000, 0x09200000)
  from space 3264K, 100% used [0x09530000, 0x09860000, 0x09860000)
  to   space 3264K,   0% used [0x09200000, 0x09200000, 0x09530000)
 tenured generation   total 66200K, used 63317K [0x0cd50000, 0x10df6000, 0x17800000)
   the space 66200K,  95% used [0x0cd50000, 0x10b25460, 0x10b25600, 0x10df6000)
 Metaspace       used 24614K, capacity 25741K, committed 25856K, reserved 25984K
Event: 13.036 GC heap after
Heap after GC invocations=48 (full 6):
 def new generation   total 36352K, used 0K [0x07800000, 0x09f70000, 0x0cd50000)
  eden space 32320K,   0% used [0x07800000, 0x07800000, 0x09790000)
  from space 4032K,   0% used [0x09790000, 0x09790000, 0x09b80000)
  to   space 4032K,   0% used [0x09b80000, 0x09b80000, 0x09f70000)
 tenured generation   total 80592K, used 48355K [0x0cd50000, 0x11c04000, 0x17800000)
   the space 80592K,  59% used [0x0cd50000, 0x0fc88c28, 0x0fc88e00, 0x11c04000)
 Metaspace       used 24614K, capacity 25741K, committed 25856K, reserved 25984K
}

