# JRE version: Java(TM) SE Runtime Environment (8.0_211-b12) (build 1.8.0_211-b12)
# Java VM: Java HotSpot(TM) Client VM (25.211-b12 mixed mode windows-x86 )
Heap:
 def new generation   total 32896K, used 5033K [0x07a00000, 0x09db0000, 0x0cf50000)
  eden space 29248K,  10% used [0x07a00000, 0x07d0bbc0, 0x09690000)
  from space 3648K,  52% used [0x09690000, 0x0986e8a0, 0x09a20000)
  to   space 3648K,   0% used [0x09a20000, 0x09a20000, 0x09db0000)
 tenured generation   total 72924K, used 62363K [0x0cf50000, 0x11687000, 0x17a00000)
   the space 72924K,  85% used [0x0cf50000, 0x10c36e28, 0x10c37000, 0x11687000)
 Metaspace       used 25806K, capacity 27124K, committed 27136K, reserved 28032K
GC Heap History (10 events):
Event: 6.934 GC heap after
Heap after GC invocations=46 (full 7):
 def new generation   total 32896K, used 1436K [0x07a00000, 0x09db0000, 0x0cf50000)
  eden space 29248K,   0% used [0x07a00000, 0x07a00000, 0x09690000)
  from space 3648K,  39% used [0x09a20000, 0x09b87110, 0x09db0000)
  to   space 3648K,   0% used [0x09690000, 0x09690000, 0x09a20000)
 tenured generation   total 72924K, used 43754K [0x0cf50000, 0x11687000, 0x17a00000)
   the space 72924K,  59% used [0x0cf50000, 0x0fa0a868, 0x0fa0aa00, 0x11687000)
 Metaspace       used 22794K, capacity 23794K, committed 23808K, reserved 23936K
}
Event: 7.071 GC heap before
{Heap before GC invocations=46 (full 7):
 def new generation   total 32896K, used 30684K [0x07a00000, 0x09db0000, 0x0cf50000)
  eden space 29248K, 100% used [0x07a00000, 0x09690000, 0x09690000)
  from space 3648K,  39% used [0x09a20000, 0x09b87110, 0x09db0000)
  to   space 3648K,   0% used [0x09690000, 0x09690000, 0x09a20000)
 tenured generation   total 72924K, used 43754K [0x0cf50000, 0x11687000, 0x17a00000)
   the space 72924K,  59% used [0x0cf50000, 0x0fa0a868, 0x0fa0aa00, 0x11687000)
 Metaspace       used 23312K, capacity 24393K, committed 24448K, reserved 24960K
Event: 7.076 GC heap after
Heap after GC invocations=47 (full 7):
 def new generation   total 32896K, used 2258K [0x07a00000, 0x09db0000, 0x0cf50000)
  eden space 29248K,   0% used [0x07a00000, 0x07a00000, 0x09690000)
  from space 3648K,  61% used [0x09690000, 0x098c4bd0, 0x09a20000)
  to   space 3648K,   0% used [0x09a20000, 0x09a20000, 0x09db0000)
 tenured generation   total 72924K, used 43754K [0x0cf50000, 0x11687000, 0x17a00000)
   the space 72924K,  59% used [0x0cf50000, 0x0fa0a868, 0x0fa0aa00, 0x11687000)
 Metaspace       used 23312K, capacity 24393K, committed 24448K, reserved 24960K
}
Event: 10.251 GC heap before
{Heap before GC invocations=47 (full 7):
 def new generation   total 32896K, used 31506K [0x07a00000, 0x09db0000, 0x0cf50000)
  eden space 29248K, 100% used [0x07a00000, 0x09690000, 0x09690000)
  from space 3648K,  61% used [0x09690000, 0x098c4bd0, 0x09a20000)
  to   space 3648K,   0% used [0x09a20000, 0x09a20000, 0x09db0000)
 tenured generation   total 72924K, used 43754K [0x0cf50000, 0x11687000, 0x17a00000)
   the space 72924K,  59% used [0x0cf50000, 0x0fa0a868, 0x0fa0aa00, 0x11687000)
 Metaspace       used 24001K, capacity 25107K, committed 25216K, reserved 25984K
Event: 10.263 GC heap after
Heap after GC invocations=48 (full 7):
 def new generation   total 32896K, used 3648K [0x07a00000, 0x09db0000, 0x0cf50000)
  eden space 29248K,   0% used [0x07a00000, 0x07a00000, 0x09690000)
  from space 3648K, 100% used [0x09a20000, 0x09db0000, 0x09db0000)
  to   space 3648K,   0% used [0x09690000, 0x09690000, 0x09a20000)
 tenured generation   total 72924K, used 47790K [0x0cf50000, 0x11687000, 0x17a00000)
   the space 72924K,  65% used [0x0cf50000, 0x0fdfbab8, 0x0fdfbc00, 0x11687000)
 Metaspace       used 24001K, capacity 25107K, committed 25216K, reserved 25984K
}
Event: 11.083 GC heap before
{Heap before GC invocations=48 (full 7):
 def new generation   total 32896K, used 32896K [0x07a00000, 0x09db0000, 0x0cf50000)
  eden space 29248K, 100% used [0x07a00000, 0x09690000, 0x09690000)
  from space 3648K, 100% used [0x09a20000, 0x09db0000, 0x09db0000)
  to   space 3648K,   0% used [0x09690000, 0x09690000, 0x09a20000)
 tenured generation   total 72924K, used 47790K [0x0cf50000, 0x11687000, 0x17a00000)
   the space 72924K,  65% used [0x0cf50000, 0x0fdfbab8, 0x0fdfbc00, 0x11687000)
 Metaspace       used 24824K, capacity 25997K, committed 26112K, reserved 27008K
Event: 11.091 GC heap after
Heap after GC invocations=49 (full 7):
 def new generation   total 32896K, used 2342K [0x07a00000, 0x09db0000, 0x0cf50000)
  eden space 29248K,   0% used [0x07a00000, 0x07a00000, 0x09690000)
  from space 3648K,  64% used [0x09690000, 0x098d9968, 0x09a20000)
  to   space 3648K,   0% used [0x09a20000, 0x09a20000, 0x09db0000)
 tenured generation   total 72924K, used 51400K [0x0cf50000, 0x11687000, 0x17a00000)
   the space 72924K,  70% used [0x0cf50000, 0x10182028, 0x10182200, 0x11687000)
 Metaspace       used 24824K, capacity 25997K, committed 26112K, reserved 27008K
}
Event: 15.696 GC heap before
{Heap before GC invocations=49 (full 7):
 def new generation   total 32896K, used 31590K [0x07a00000, 0x09db0000, 0x0cf50000)
  eden space 29248K, 100% used [0x07a00000, 0x09690000, 0x09690000)
  from space 3648K,  64% used [0x09690000, 0x098d9968, 0x09a20000)
  to   space 3648K,   0% used [0x09a20000, 0x09a20000, 0x09db0000)
 tenured generation   total 72924K, used 51400K [0x0cf50000, 0x11687000, 0x17a00000)
   the space 72924K,  70% used [0x0cf50000, 0x10182028, 0x10182200, 0x11687000)
 Metaspace       used 25649K, capacity 26926K, committed 27008K, reserved 27008K
Event: 15.703 GC heap after
Heap after GC invocations=50 (full 7):
 def new generation   total 32896K, used 3616K [0x07a00000, 0x09db0000, 0x0cf50000)
  eden space 29248K,   0% used [0x07a00000, 0x07a00000, 0x09690000)
  from space 3648K,  99% used [0x09a20000, 0x09da8188, 0x09db0000)
  to   space 3648K,   0% used [0x09690000, 0x09690000, 0x09a20000)
 tenured generation   total 72924K, used 52623K [0x0cf50000, 0x11687000, 0x17a00000)
   the space 72924K,  72% used [0x0cf50000, 0x102b3fd0, 0x102b4000, 0x11687000)
 Metaspace       used 25649K, capacity 26926K, committed 27008K, reserved 27008K
}
Event: 175.222 GC heap before
{Heap before GC invocations=50 (full 7):
 def new generation   total 32896K, used 32864K [0x07a00000, 0x09db0000, 0x0cf50000)
  eden space 29248K, 100% used [0x07a00000, 0x09690000, 0x09690000)
  from space 3648K,  99% used [0x09a20000, 0x09da8188, 0x09db0000)
  to   space 3648K,   0% used [0x09690000, 0x09690000, 0x09a20000)
 tenured generation   total 72924K, used 52623K [0x0cf50000, 0x11687000, 0x17a00000)
   the space 72924K,  72% used [0x0cf50000, 0x102b3fd0, 0x102b4000, 0x11687000)
 Metaspace       used 25806K, capacity 27124K, committed 27136K, reserved 28032K

