# JRE version: Java(TM) SE Runtime Environment (8.0_211-b12) (build 1.8.0_211-b12)
# Java VM: Java HotSpot(TM) Client VM (25.211-b12 mixed mode windows-x86 )
Heap:
 def new generation   total 41472K, used 7595K [0x07800000, 0x0a500000, 0x0cd50000)
  eden space 36864K,  11% used [0x07800000, 0x07c238b8, 0x09c00000)
  from space 4608K,  72% used [0x09c00000, 0x09f47608, 0x0a080000)
  to   space 4608K,   0% used [0x0a080000, 0x0a080000, 0x0a500000)
 tenured generation   total 92064K, used 86185K [0x0cd50000, 0x12738000, 0x17800000)
   the space 92064K,  93% used [0x0cd50000, 0x1217a610, 0x1217a800, 0x12738000)
 Metaspace       used 25406K, capacity 26660K, committed 26752K, reserved 27008K
GC Heap History (10 events):
Event: 6.896 GC heap before
{Heap before GC invocations=40 (full 5):
 def new generation   total 41472K, used 37620K [0x07800000, 0x0a500000, 0x0cd50000)
  eden space 36864K, 100% used [0x07800000, 0x09c00000, 0x09c00000)
  from space 4608K,  16% used [0x09c00000, 0x09cbd258, 0x0a080000)
  to   space 4608K,   0% used [0x0a080000, 0x0a080000, 0x0a500000)
 tenured generation   total 92064K, used 64034K [0x0cd50000, 0x12738000, 0x17800000)
   the space 92064K,  69% used [0x0cd50000, 0x10bd8980, 0x10bd8a00, 0x12738000)
 Metaspace       used 20623K, capacity 21474K, committed 21504K, reserved 21888K
Event: 6.901 GC heap after
Heap after GC invocations=41 (full 5):
 def new generation   total 41472K, used 4481K [0x07800000, 0x0a500000, 0x0cd50000)
  eden space 36864K,   0% used [0x07800000, 0x07800000, 0x09c00000)
  from space 4608K,  97% used [0x0a080000, 0x0a4e06d0, 0x0a500000)
  to   space 4608K,   0% used [0x09c00000, 0x09c00000, 0x0a080000)
 tenured generation   total 92064K, used 64034K [0x0cd50000, 0x12738000, 0x17800000)
   the space 92064K,  69% used [0x0cd50000, 0x10bd8980, 0x10bd8a00, 0x12738000)
 Metaspace       used 20623K, capacity 21474K, committed 21504K, reserved 21888K
}
Event: 7.474 GC heap before
{Heap before GC invocations=41 (full 5):
 def new generation   total 41472K, used 41345K [0x07800000, 0x0a500000, 0x0cd50000)
  eden space 36864K, 100% used [0x07800000, 0x09c00000, 0x09c00000)
  from space 4608K,  97% used [0x0a080000, 0x0a4e06d0, 0x0a500000)
  to   space 4608K,   0% used [0x09c00000, 0x09c00000, 0x0a080000)
 tenured generation   total 92064K, used 64034K [0x0cd50000, 0x12738000, 0x17800000)
   the space 92064K,  69% used [0x0cd50000, 0x10bd8980, 0x10bd8a00, 0x12738000)
 Metaspace       used 22476K, capacity 23399K, committed 23424K, reserved 23936K
Event: 7.481 GC heap after
Heap after GC invocations=42 (full 5):
 def new generation   total 41472K, used 4608K [0x07800000, 0x0a500000, 0x0cd50000)
  eden space 36864K,   0% used [0x07800000, 0x07800000, 0x09c00000)
  from space 4608K, 100% used [0x09c00000, 0x0a080000, 0x0a080000)
  to   space 4608K,   0% used [0x0a080000, 0x0a080000, 0x0a500000)
 tenured generation   total 92064K, used 66526K [0x0cd50000, 0x12738000, 0x17800000)
   the space 92064K,  72% used [0x0cd50000, 0x10e47808, 0x10e47a00, 0x12738000)
 Metaspace       used 22476K, capacity 23399K, committed 23424K, reserved 23936K
}
Event: 7.637 GC heap before
{Heap before GC invocations=42 (full 5):
 def new generation   total 41472K, used 41472K [0x07800000, 0x0a500000, 0x0cd50000)
  eden space 36864K, 100% used [0x07800000, 0x09c00000, 0x09c00000)
  from space 4608K, 100% used [0x09c00000, 0x0a080000, 0x0a080000)
  to   space 4608K,   0% used [0x0a080000, 0x0a080000, 0x0a500000)
 tenured generation   total 92064K, used 66526K [0x0cd50000, 0x12738000, 0x17800000)
   the space 92064K,  72% used [0x0cd50000, 0x10e47808, 0x10e47a00, 0x12738000)
 Metaspace       used 23121K, capacity 24111K, committed 24192K, reserved 24960K
Event: 7.643 GC heap after
Heap after GC invocations=43 (full 5):
 def new generation   total 41472K, used 1570K [0x07800000, 0x0a500000, 0x0cd50000)
  eden space 36864K,   0% used [0x07800000, 0x07800000, 0x09c00000)
  from space 4608K,  34% used [0x0a080000, 0x0a208800, 0x0a500000)
  to   space 4608K,   0% used [0x09c00000, 0x09c00000, 0x0a080000)
 tenured generation   total 92064K, used 70129K [0x0cd50000, 0x12738000, 0x17800000)
   the space 92064K,  76% used [0x0cd50000, 0x111cc788, 0x111cc800, 0x12738000)
 Metaspace       used 23121K, capacity 24111K, committed 24192K, reserved 24960K
}
Event: 9.239 GC heap before
{Heap before GC invocations=43 (full 5):
 def new generation   total 41472K, used 38434K [0x07800000, 0x0a500000, 0x0cd50000)
  eden space 36864K, 100% used [0x07800000, 0x09c00000, 0x09c00000)
  from space 4608K,  34% used [0x0a080000, 0x0a208800, 0x0a500000)
  to   space 4608K,   0% used [0x09c00000, 0x09c00000, 0x0a080000)
 tenured generation   total 92064K, used 70129K [0x0cd50000, 0x12738000, 0x17800000)
   the space 92064K,  76% used [0x0cd50000, 0x111cc788, 0x111cc800, 0x12738000)
 Metaspace       used 23677K, capacity 24787K, committed 24832K, reserved 24960K
Event: 9.249 GC heap after
Heap after GC invocations=44 (full 5):
 def new generation   total 41472K, used 4608K [0x07800000, 0x0a500000, 0x0cd50000)
  eden space 36864K,   0% used [0x07800000, 0x07800000, 0x09c00000)
  from space 4608K, 100% used [0x09c00000, 0x0a080000, 0x0a080000)
  to   space 4608K,   0% used [0x0a080000, 0x0a080000, 0x0a500000)
 tenured generation   total 92064K, used 72032K [0x0cd50000, 0x12738000, 0x17800000)
   the space 92064K,  78% used [0x0cd50000, 0x113a82b0, 0x113a8400, 0x12738000)
 Metaspace       used 23677K, capacity 24787K, committed 24832K, reserved 24960K
}
Event: 11.730 GC heap before
{Heap before GC invocations=44 (full 5):
 def new generation   total 41472K, used 41472K [0x07800000, 0x0a500000, 0x0cd50000)
  eden space 36864K, 100% used [0x07800000, 0x09c00000, 0x09c00000)
  from space 4608K, 100% used [0x09c00000, 0x0a080000, 0x0a080000)
  to   space 4608K,   0% used [0x0a080000, 0x0a080000, 0x0a500000)
 tenured generation   total 92064K, used 72032K [0x0cd50000, 0x12738000, 0x17800000)
   the space 92064K,  78% used [0x0cd50000, 0x113a82b0, 0x113a8400, 0x12738000)
 Metaspace       used 24683K, capacity 25867K, committed 25984K, reserved 25984K
Event: 11.742 GC heap after
Heap after GC invocations=45 (full 5):
 def new generation   total 41472K, used 2981K [0x07800000, 0x0a500000, 0x0cd50000)
  eden space 36864K,   0% used [0x07800000, 0x07800000, 0x09c00000)
  from space 4608K,  64% used [0x0a080000, 0x0a369768, 0x0a500000)
  to   space 4608K,   0% used [0x09c00000, 0x09c00000, 0x0a080000)
 tenured generation   total 92064K, used 76606K [0x0cd50000, 0x12738000, 0x17800000)
   the space 92064K,  83% used [0x0cd50000, 0x1181fa10, 0x1181fc00, 0x12738000)
 Metaspace       used 24683K, capacity 25867K, committed 25984K, reserved 25984K
}

