# JRE version: Java(TM) SE Runtime Environment (8.0_211-b12) (build 1.8.0_211-b12)
# Java VM: Java HotSpot(TM) Client VM (25.211-b12 mixed mode windows-x86 )
Heap:
 def new generation   total 34688K, used 15143K [0x07a00000, 0x09fa0000, 0x0cf50000)
  eden space 30848K,  43% used [0x07a00000, 0x08727458, 0x09820000)
  from space 3840K,  45% used [0x09820000, 0x099d0ac0, 0x09be0000)
  to   space 3840K,   0% used [0x09be0000, 0x09be0000, 0x09fa0000)
 tenured generation   total 76924K, used 70191K [0x0cf50000, 0x11a6f000, 0x17a00000)
   the space 76924K,  91% used [0x0cf50000, 0x113dbe90, 0x113dc000, 0x11a6f000)
 Metaspace       used 25427K, capacity 26727K, committed 26752K, reserved 27008K
GC Heap History (10 events):
Event: 10.748 GC heap before
{Heap before GC invocations=45 (full 6):
 def new generation   total 34688K, used 33908K [0x07a00000, 0x09fa0000, 0x0cf50000)
  eden space 30848K, 100% used [0x07a00000, 0x09820000, 0x09820000)
  from space 3840K,  79% used [0x09be0000, 0x09edd048, 0x09fa0000)
  to   space 3840K,   0% used [0x09820000, 0x09820000, 0x09be0000)
 tenured generation   total 76924K, used 52578K [0x0cf50000, 0x11a6f000, 0x17a00000)
   the space 76924K,  68% used [0x0cf50000, 0x102a88f8, 0x102a8a00, 0x11a6f000)
 Metaspace       used 23678K, capacity 24839K, committed 24960K, reserved 24960K
Event: 10.758 GC heap after
Heap after GC invocations=46 (full 6):
 def new generation   total 34688K, used 3840K [0x07a00000, 0x09fa0000, 0x0cf50000)
  eden space 30848K,   0% used [0x07a00000, 0x07a00000, 0x09820000)
  from space 3840K, 100% used [0x09820000, 0x09be0000, 0x09be0000)
  to   space 3840K,   0% used [0x09be0000, 0x09be0000, 0x09fa0000)
 tenured generation   total 76924K, used 62226K [0x0cf50000, 0x11a6f000, 0x17a00000)
   the space 76924K,  80% used [0x0cf50000, 0x10c14a40, 0x10c14c00, 0x11a6f000)
 Metaspace       used 23678K, capacity 24839K, committed 24960K, reserved 24960K
}
Event: 13.333 GC heap before
{Heap before GC invocations=46 (full 6):
 def new generation   total 34688K, used 34688K [0x07a00000, 0x09fa0000, 0x0cf50000)
  eden space 30848K, 100% used [0x07a00000, 0x09820000, 0x09820000)
  from space 3840K, 100% used [0x09820000, 0x09be0000, 0x09be0000)
  to   space 3840K,   0% used [0x09be0000, 0x09be0000, 0x09fa0000)
 tenured generation   total 76924K, used 62226K [0x0cf50000, 0x11a6f000, 0x17a00000)
   the space 76924K,  80% used [0x0cf50000, 0x10c14a40, 0x10c14c00, 0x11a6f000)
 Metaspace       used 23708K, capacity 24872K, committed 24960K, reserved 24960K
Event: 13.338 GC heap after
Heap after GC invocations=47 (full 6):
 def new generation   total 34688K, used 893K [0x07a00000, 0x09fa0000, 0x0cf50000)
  eden space 30848K,   0% used [0x07a00000, 0x07a00000, 0x09820000)
  from space 3840K,  23% used [0x09be0000, 0x09cbf7e8, 0x09fa0000)
  to   space 3840K,   0% used [0x09820000, 0x09820000, 0x09be0000)
 tenured generation   total 76924K, used 65965K [0x0cf50000, 0x11a6f000, 0x17a00000)
   the space 76924K,  85% used [0x0cf50000, 0x10fbb7f0, 0x10fbb800, 0x11a6f000)
 Metaspace       used 23708K, capacity 24872K, committed 24960K, reserved 24960K
}
Event: 13.788 GC heap before
{Heap before GC invocations=47 (full 6):
 def new generation   total 34688K, used 31741K [0x07a00000, 0x09fa0000, 0x0cf50000)
  eden space 30848K, 100% used [0x07a00000, 0x09820000, 0x09820000)
  from space 3840K,  23% used [0x09be0000, 0x09cbf7e8, 0x09fa0000)
  to   space 3840K,   0% used [0x09820000, 0x09820000, 0x09be0000)
 tenured generation   total 76924K, used 65965K [0x0cf50000, 0x11a6f000, 0x17a00000)
   the space 76924K,  85% used [0x0cf50000, 0x10fbb7f0, 0x10fbb800, 0x11a6f000)
 Metaspace       used 23709K, capacity 24872K, committed 24960K, reserved 24960K
Event: 13.794 GC heap after
Heap after GC invocations=48 (full 6):
 def new generation   total 34688K, used 2524K [0x07a00000, 0x09fa0000, 0x0cf50000)
  eden space 30848K,   0% used [0x07a00000, 0x07a00000, 0x09820000)
  from space 3840K,  65% used [0x09820000, 0x09a971b8, 0x09be0000)
  to   space 3840K,   0% used [0x09be0000, 0x09be0000, 0x09fa0000)
 tenured generation   total 76924K, used 65965K [0x0cf50000, 0x11a6f000, 0x17a00000)
   the space 76924K,  85% used [0x0cf50000, 0x10fbb7f0, 0x10fbb800, 0x11a6f000)
 Metaspace       used 23709K, capacity 24872K, committed 24960K, reserved 24960K
}
Event: 18.783 GC heap before
{Heap before GC invocations=48 (full 6):
 def new generation   total 34688K, used 33372K [0x07a00000, 0x09fa0000, 0x0cf50000)
  eden space 30848K, 100% used [0x07a00000, 0x09820000, 0x09820000)
  from space 3840K,  65% used [0x09820000, 0x09a971b8, 0x09be0000)
  to   space 3840K,   0% used [0x09be0000, 0x09be0000, 0x09fa0000)
 tenured generation   total 76924K, used 65965K [0x0cf50000, 0x11a6f000, 0x17a00000)
   the space 76924K,  85% used [0x0cf50000, 0x10fbb7f0, 0x10fbb800, 0x11a6f000)
 Metaspace       used 24595K, capacity 25791K, committed 25856K, reserved 25984K
Event: 18.793 GC heap after
Heap after GC invocations=49 (full 6):
 def new generation   total 34688K, used 3840K [0x07a00000, 0x09fa0000, 0x0cf50000)
  eden space 30848K,   0% used [0x07a00000, 0x07a00000, 0x09820000)
  from space 3840K, 100% used [0x09be0000, 0x09fa0000, 0x09fa0000)
  to   space 3840K,   0% used [0x09820000, 0x09820000, 0x09be0000)
 tenured generation   total 76924K, used 67211K [0x0cf50000, 0x11a6f000, 0x17a00000)
   the space 76924K,  87% used [0x0cf50000, 0x110f2d20, 0x110f2e00, 0x11a6f000)
 Metaspace       used 24595K, capacity 25791K, committed 25856K, reserved 25984K
}
Event: 314.194 GC heap before
{Heap before GC invocations=49 (full 6):
 def new generation   total 34688K, used 34688K [0x07a00000, 0x09fa0000, 0x0cf50000)
  eden space 30848K, 100% used [0x07a00000, 0x09820000, 0x09820000)
  from space 3840K, 100% used [0x09be0000, 0x09fa0000, 0x09fa0000)
  to   space 3840K,   0% used [0x09820000, 0x09820000, 0x09be0000)
 tenured generation   total 76924K, used 67211K [0x0cf50000, 0x11a6f000, 0x17a00000)
   the space 76924K,  87% used [0x0cf50000, 0x110f2d20, 0x110f2e00, 0x11a6f000)
 Metaspace       used 25004K, capacity 26240K, committed 26368K, reserved 27008K
Event: 314.206 GC heap after
Heap after GC invocations=50 (full 6):
 def new generation   total 34688K, used 1730K [0x07a00000, 0x09fa0000, 0x0cf50000)
  eden space 30848K,   0% used [0x07a00000, 0x07a00000, 0x09820000)
  from space 3840K,  45% used [0x09820000, 0x099d0ac0, 0x09be0000)
  to   space 3840K,   0% used [0x09be0000, 0x09be0000, 0x09fa0000)
 tenured generation   total 76924K, used 70191K [0x0cf50000, 0x11a6f000, 0x17a00000)
   the space 76924K,  91% used [0x0cf50000, 0x113dbe90, 0x113dc000, 0x11a6f000)
 Metaspace       used 25004K, capacity 26240K, committed 26368K, reserved 27008K
}

