# JRE version: Java(TM) SE Runtime Environment (8.0_211-b12) (build 1.8.0_211-b12)
# Java VM: Java HotSpot(TM) Client VM (25.211-b12 mixed mode windows-x86 )
Heap:
 def new generation   total 32896K, used 14062K [0x07a00000, 0x09db0000, 0x0cf50000)
  eden space 29248K,  48% used [0x07a00000, 0x087baa50, 0x09690000)
  from space 3648K,   0% used [0x09690000, 0x09690fa0, 0x09a20000)
  to   space 3648K,   0% used [0x09a20000, 0x09a20000, 0x09db0000)
 tenured generation   total 72912K, used 68613K [0x0cf50000, 0x11684000, 0x17a00000)
   the space 72912K,  94% used [0x0cf50000, 0x11251600, 0x11251600, 0x11684000)
 Metaspace       used 25471K, capacity 26778K, committed 26880K, reserved 27008K
GC Heap History (10 events):
Event: 7.829 GC heap before
{Heap before GC invocations=47 (full 7):
 def new generation   total 32896K, used 30605K [0x07a00000, 0x09db0000, 0x0cf50000)
  eden space 29248K, 100% used [0x07a00000, 0x09690000, 0x09690000)
  from space 3648K,  37% used [0x09a20000, 0x09b73788, 0x09db0000)
  to   space 3648K,   0% used [0x09690000, 0x09690000, 0x09a20000)
 tenured generation   total 72912K, used 43745K [0x0cf50000, 0x11684000, 0x17a00000)
   the space 72912K,  59% used [0x0cf50000, 0x0fa086d0, 0x0fa08800, 0x11684000)
 Metaspace       used 23307K, capacity 24356K, committed 24448K, reserved 24960K
Event: 7.835 GC heap after
Heap after GC invocations=48 (full 7):
 def new generation   total 32896K, used 2526K [0x07a00000, 0x09db0000, 0x0cf50000)
  eden space 29248K,   0% used [0x07a00000, 0x07a00000, 0x09690000)
  from space 3648K,  69% used [0x09690000, 0x09907b80, 0x09a20000)
  to   space 3648K,   0% used [0x09a20000, 0x09a20000, 0x09db0000)
 tenured generation   total 72912K, used 43745K [0x0cf50000, 0x11684000, 0x17a00000)
   the space 72912K,  59% used [0x0cf50000, 0x0fa086d0, 0x0fa08800, 0x11684000)
 Metaspace       used 23307K, capacity 24356K, committed 24448K, reserved 24960K
}
Event: 11.937 GC heap before
{Heap before GC invocations=48 (full 7):
 def new generation   total 32896K, used 31774K [0x07a00000, 0x09db0000, 0x0cf50000)
  eden space 29248K, 100% used [0x07a00000, 0x09690000, 0x09690000)
  from space 3648K,  69% used [0x09690000, 0x09907b80, 0x09a20000)
  to   space 3648K,   0% used [0x09a20000, 0x09a20000, 0x09db0000)
 tenured generation   total 72912K, used 43745K [0x0cf50000, 0x11684000, 0x17a00000)
   the space 72912K,  59% used [0x0cf50000, 0x0fa086d0, 0x0fa08800, 0x11684000)
 Metaspace       used 23804K, capacity 24967K, committed 25088K, reserved 25984K
Event: 11.948 GC heap after
Heap after GC invocations=49 (full 7):
 def new generation   total 32896K, used 3648K [0x07a00000, 0x09db0000, 0x0cf50000)
  eden space 29248K,   0% used [0x07a00000, 0x07a00000, 0x09690000)
  from space 3648K, 100% used [0x09a20000, 0x09db0000, 0x09db0000)
  to   space 3648K,   0% used [0x09690000, 0x09690000, 0x09a20000)
 tenured generation   total 72912K, used 47596K [0x0cf50000, 0x11684000, 0x17a00000)
   the space 72912K,  65% used [0x0cf50000, 0x0fdcb250, 0x0fdcb400, 0x11684000)
 Metaspace       used 23804K, capacity 24967K, committed 25088K, reserved 25984K
}
Event: 12.784 GC heap before
{Heap before GC invocations=49 (full 7):
 def new generation   total 32896K, used 32896K [0x07a00000, 0x09db0000, 0x0cf50000)
  eden space 29248K, 100% used [0x07a00000, 0x09690000, 0x09690000)
  from space 3648K, 100% used [0x09a20000, 0x09db0000, 0x09db0000)
  to   space 3648K,   0% used [0x09690000, 0x09690000, 0x09a20000)
 tenured generation   total 72912K, used 47596K [0x0cf50000, 0x11684000, 0x17a00000)
   the space 72912K,  65% used [0x0cf50000, 0x0fdcb250, 0x0fdcb400, 0x11684000)
 Metaspace       used 24838K, capacity 26027K, committed 26112K, reserved 27008K
Event: 12.793 GC heap after
Heap after GC invocations=50 (full 7):
 def new generation   total 32896K, used 2447K [0x07a00000, 0x09db0000, 0x0cf50000)
  eden space 29248K,   0% used [0x07a00000, 0x07a00000, 0x09690000)
  from space 3648K,  67% used [0x09690000, 0x098f3e48, 0x09a20000)
  to   space 3648K,   0% used [0x09a20000, 0x09a20000, 0x09db0000)
 tenured generation   total 72912K, used 51213K [0x0cf50000, 0x11684000, 0x17a00000)
   the space 72912K,  70% used [0x0cf50000, 0x101534a8, 0x10153600, 0x11684000)
 Metaspace       used 24838K, capacity 26027K, committed 26112K, reserved 27008K
}
Event: 12.856 GC heap before
{Heap before GC invocations=50 (full 7):
 def new generation   total 32896K, used 31695K [0x07a00000, 0x09db0000, 0x0cf50000)
  eden space 29248K, 100% used [0x07a00000, 0x09690000, 0x09690000)
  from space 3648K,  67% used [0x09690000, 0x098f3e88, 0x09a20000)
  to   space 3648K,   0% used [0x09a20000, 0x09a20000, 0x09db0000)
 tenured generation   total 72912K, used 51213K [0x0cf50000, 0x11684000, 0x17a00000)
   the space 72912K,  70% used [0x0cf50000, 0x101534a8, 0x10153600, 0x11684000)
 Metaspace       used 25017K, capacity 26214K, committed 26240K, reserved 27008K
Event: 12.866 GC heap after
Heap after GC invocations=51 (full 7):
 def new generation   total 32896K, used 2210K [0x07a00000, 0x09db0000, 0x0cf50000)
  eden space 29248K,   0% used [0x07a00000, 0x07a00000, 0x09690000)
  from space 3648K,  60% used [0x09a20000, 0x09c48888, 0x09db0000)
  to   space 3648K,   0% used [0x09690000, 0x09690000, 0x09a20000)
 tenured generation   total 72912K, used 66405K [0x0cf50000, 0x11684000, 0x17a00000)
   the space 72912K,  91% used [0x0cf50000, 0x11029458, 0x11029600, 0x11684000)
 Metaspace       used 25017K, capacity 26214K, committed 26240K, reserved 27008K
}
Event: 12.866 GC heap before
{Heap before GC invocations=51 (full 7):
 def new generation   total 32896K, used 2295K [0x07a00000, 0x09db0000, 0x0cf50000)
  eden space 29248K,   0% used [0x07a00000, 0x07a15528, 0x09690000)
  from space 3648K,  60% used [0x09a20000, 0x09c48888, 0x09db0000)
  to   space 3648K,   0% used [0x09690000, 0x09690000, 0x09a20000)
 tenured generation   total 72912K, used 66405K [0x0cf50000, 0x11684000, 0x17a00000)
   the space 72912K,  91% used [0x0cf50000, 0x11029458, 0x11029600, 0x11684000)
 Metaspace       used 25017K, capacity 26214K, committed 26240K, reserved 27008K
Event: 12.869 GC heap after
Heap after GC invocations=52 (full 7):
 def new generation   total 32896K, used 3K [0x07a00000, 0x09db0000, 0x0cf50000)
  eden space 29248K,   0% used [0x07a00000, 0x07a00000, 0x09690000)
  from space 3648K,   0% used [0x09690000, 0x09690fa0, 0x09a20000)
  to   space 3648K,   0% used [0x09a20000, 0x09a20000, 0x09db0000)
 tenured generation   total 72912K, used 68613K [0x0cf50000, 0x11684000, 0x17a00000)
   the space 72912K,  94% used [0x0cf50000, 0x11251600, 0x11251600, 0x11684000)
 Metaspace       used 25017K, capacity 26214K, committed 26240K, reserved 27008K
}

