# JRE version: Java(TM) SE Runtime Environment (8.0_211-b12) (build 1.8.0_211-b12)
# Java VM: Java HotSpot(TM) Client VM (25.211-b12 mixed mode windows-x86 )
Heap:
 def new generation   total 34560K, used 30835K [0x04600000, 0x06b80000, 0x09b50000)
  eden space 30720K,  91% used [0x04600000, 0x06164910, 0x06400000)
  from space 3840K,  72% used [0x06400000, 0x066b8420, 0x067c0000)
  to   space 3840K,   0% used [0x067c0000, 0x067c0000, 0x06b80000)
 tenured generation   total 76672K, used 67140K [0x09b50000, 0x0e630000, 0x14600000)
   the space 76672K,  87% used [0x09b50000, 0x0dce1240, 0x0dce1400, 0x0e630000)
 Metaspace       used 25490K, capacity 26748K, committed 26752K, reserved 27008K
GC Heap History (10 events):
Event: 6.600 GC heap before
{Heap before GC invocations=43 (full 5):
 def new generation   total 34560K, used 33937K [0x04600000, 0x06b80000, 0x09b50000)
  eden space 30720K, 100% used [0x04600000, 0x06400000, 0x06400000)
  from space 3840K,  83% used [0x067c0000, 0x06ae4640, 0x06b80000)
  to   space 3840K,   0% used [0x06400000, 0x06400000, 0x067c0000)
 tenured generation   total 76672K, used 54491K [0x09b50000, 0x0e630000, 0x14600000)
   the space 76672K,  71% used [0x09b50000, 0x0d086ce8, 0x0d086e00, 0x0e630000)
 Metaspace       used 22443K, capacity 23339K, committed 23424K, reserved 23936K
Event: 6.608 GC heap after
Heap after GC invocations=44 (full 5):
 def new generation   total 34560K, used 3840K [0x04600000, 0x06b80000, 0x09b50000)
  eden space 30720K,   0% used [0x04600000, 0x04600000, 0x06400000)
  from space 3840K, 100% used [0x06400000, 0x067c0000, 0x067c0000)
  to   space 3840K,   0% used [0x067c0000, 0x067c0000, 0x06b80000)
 tenured generation   total 76672K, used 56508K [0x09b50000, 0x0e630000, 0x14600000)
   the space 76672K,  73% used [0x09b50000, 0x0d27f1b0, 0x0d27f200, 0x0e630000)
 Metaspace       used 22443K, capacity 23339K, committed 23424K, reserved 23936K
}
Event: 6.747 GC heap before
{Heap before GC invocations=44 (full 5):
 def new generation   total 34560K, used 34560K [0x04600000, 0x06b80000, 0x09b50000)
  eden space 30720K, 100% used [0x04600000, 0x06400000, 0x06400000)
  from space 3840K, 100% used [0x06400000, 0x067c0000, 0x067c0000)
  to   space 3840K,   0% used [0x067c0000, 0x067c0000, 0x06b80000)
 tenured generation   total 76672K, used 56508K [0x09b50000, 0x0e630000, 0x14600000)
   the space 76672K,  73% used [0x09b50000, 0x0d27f1b0, 0x0d27f200, 0x0e630000)
 Metaspace       used 22825K, capacity 23794K, committed 23808K, reserved 23936K
Event: 6.753 GC heap after
Heap after GC invocations=45 (full 5):
 def new generation   total 34560K, used 1539K [0x04600000, 0x06b80000, 0x09b50000)
  eden space 30720K,   0% used [0x04600000, 0x04600000, 0x06400000)
  from space 3840K,  40% used [0x067c0000, 0x06940d88, 0x06b80000)
  to   space 3840K,   0% used [0x06400000, 0x06400000, 0x067c0000)
 tenured generation   total 76672K, used 58593K [0x09b50000, 0x0e630000, 0x14600000)
   the space 76672K,  76% used [0x09b50000, 0x0d488720, 0x0d488800, 0x0e630000)
 Metaspace       used 22825K, capacity 23794K, committed 23808K, reserved 23936K
}
Event: 6.934 GC heap before
{Heap before GC invocations=45 (full 5):
 def new generation   total 34560K, used 32229K [0x04600000, 0x06b80000, 0x09b50000)
  eden space 30720K,  99% used [0x04600000, 0x063f89e0, 0x06400000)
  from space 3840K,  40% used [0x067c0000, 0x06940d88, 0x06b80000)
  to   space 3840K,   0% used [0x06400000, 0x06400000, 0x067c0000)
 tenured generation   total 76672K, used 58593K [0x09b50000, 0x0e630000, 0x14600000)
   the space 76672K,  76% used [0x09b50000, 0x0d488720, 0x0d488800, 0x0e630000)
 Metaspace       used 23591K, capacity 24698K, committed 24704K, reserved 24960K
Event: 6.941 GC heap after
Heap after GC invocations=46 (full 5):
 def new generation   total 34560K, used 3839K [0x04600000, 0x06b80000, 0x09b50000)
  eden space 30720K,   0% used [0x04600000, 0x04600000, 0x06400000)
  from space 3840K,  99% used [0x06400000, 0x067bfda8, 0x067c0000)
  to   space 3840K,   0% used [0x067c0000, 0x067c0000, 0x06b80000)
 tenured generation   total 76672K, used 58631K [0x09b50000, 0x0e630000, 0x14600000)
   the space 76672K,  76% used [0x09b50000, 0x0d491ea8, 0x0d492000, 0x0e630000)
 Metaspace       used 23591K, capacity 24698K, committed 24704K, reserved 24960K
}
Event: 10.799 GC heap before
{Heap before GC invocations=46 (full 5):
 def new generation   total 34560K, used 34559K [0x04600000, 0x06b80000, 0x09b50000)
  eden space 30720K, 100% used [0x04600000, 0x06400000, 0x06400000)
  from space 3840K,  99% used [0x06400000, 0x067bfda8, 0x067c0000)
  to   space 3840K,   0% used [0x067c0000, 0x067c0000, 0x06b80000)
 tenured generation   total 76672K, used 58631K [0x09b50000, 0x0e630000, 0x14600000)
   the space 76672K,  76% used [0x09b50000, 0x0d491ea8, 0x0d492000, 0x0e630000)
 Metaspace       used 24625K, capacity 25797K, committed 25856K, reserved 25984K
Event: 10.810 GC heap after
Heap after GC invocations=47 (full 5):
 def new generation   total 34560K, used 3840K [0x04600000, 0x06b80000, 0x09b50000)
  eden space 30720K,   0% used [0x04600000, 0x04600000, 0x06400000)
  from space 3840K, 100% used [0x067c0000, 0x06b80000, 0x06b80000)
  to   space 3840K,   0% used [0x06400000, 0x06400000, 0x067c0000)
 tenured generation   total 76672K, used 63575K [0x09b50000, 0x0e630000, 0x14600000)
   the space 76672K,  82% used [0x09b50000, 0x0d965ee0, 0x0d966000, 0x0e630000)
 Metaspace       used 24625K, capacity 25797K, committed 25856K, reserved 25984K
}
Event: 10.984 GC heap before
{Heap before GC invocations=47 (full 5):
 def new generation   total 34560K, used 26397K [0x04600000, 0x06b80000, 0x09b50000)
  eden space 30720K,  73% used [0x04600000, 0x05c07570, 0x06400000)
  from space 3840K, 100% used [0x067c0000, 0x06b80000, 0x06b80000)
  to   space 3840K,   0% used [0x06400000, 0x06400000, 0x067c0000)
 tenured generation   total 76672K, used 63575K [0x09b50000, 0x0e630000, 0x14600000)
   the space 76672K,  82% used [0x09b50000, 0x0d965ee0, 0x0d966000, 0x0e630000)
 Metaspace       used 24962K, capacity 26152K, committed 26240K, reserved 27008K
Event: 10.990 GC heap after
Heap after GC invocations=48 (full 5):
 def new generation   total 34560K, used 2785K [0x04600000, 0x06b80000, 0x09b50000)
  eden space 30720K,   0% used [0x04600000, 0x04600000, 0x06400000)
  from space 3840K,  72% used [0x06400000, 0x066b8420, 0x067c0000)
  to   space 3840K,   0% used [0x067c0000, 0x067c0000, 0x06b80000)
 tenured generation   total 76672K, used 67140K [0x09b50000, 0x0e630000, 0x14600000)
   the space 76672K,  87% used [0x09b50000, 0x0dce1240, 0x0dce1400, 0x0e630000)
 Metaspace       used 24962K, capacity 26152K, committed 26240K, reserved 27008K
}

